[ 2023-07-25T00:04:24+08:00 ] 127.0.0.1 127.0.0.1 GET /thinkphp5/public/index/project/index.html
[ log ] localhost:444/thinkphp5/public/index/project/index.html [运行时间：0.038440s][吞吐率：26.01req/s] [内存消耗：2,477.89kb] [文件加载：45]
[ info ] [ ROUTE ] array (
  'type' => 'module',
  'module' => 
  array (
    0 => 'index',
    1 => 'project',
    2 => 'index',
  ),
)
[ info ] [ HEADER ] array (
  'host' => 'localhost:444',
  'user-agent' => 'Mozilla/5.0 (Windows NT 10.0; Win64; x64; rv:109.0) Gecko/20100101 Firefox/115.0',
  'accept' => 'text/html,application/xhtml+xml,application/xml;q=0.9,image/avif,image/webp,*/*;q=0.8',
  'accept-language' => 'zh-CN,zh;q=0.8,zh-TW;q=0.7,zh-HK;q=0.5,en-US;q=0.3,en;q=0.2',
  'accept-encoding' => 'gzip, deflate, br',
  'connection' => 'keep-alive',
  'cookie' => 'PHPSESSID=omd0n9906d92avgqf0u49o2mn7',
  'upgrade-insecure-requests' => '1',
  'sec-fetch-dest' => 'document',
  'sec-fetch-mode' => 'navigate',
  'sec-fetch-site' => 'none',
  'sec-fetch-user' => '?1',
)
[ info ] [ PARAM ] array (
)
[ info ] [ SESSION ] INIT array (
  'id' => '',
  'var_session_id' => '',
  'prefix' => 'think',
  'type' => '',
  'auto_start' => true,
)
[ info ] [ RUN ] Method [ <user> public method index ] {
  @@ D:\xampp\htdocs\thinkphp5\application\index\controller\ProjectController.php 92 - 119
}

[ info ] [ DB ] INIT mysql
[ info ] [ VIEW ] D:\xampp\htdocs\thinkphp5\public/../application/index\view\project\index.html [ array (
  0 => 'Projects',
  1 => 'add_keyword',
) ]
[ info ] [ LOG ] INIT File
[ sql ] [ DB ] CONNECT:[ UseTime:0.000911s ] mysql:dbname=tp5;host=127.0.0.1;charset=utf8
[ sql ] [ SQL ] SHOW COLUMNS FROM `yunzhi_project` [ RunTime:0.004282s ]
[ sql ] [ SQL ] SELECT COUNT(*) AS tp_count FROM `yunzhi_project` WHERE  `project_name` LIKE '%%' LIMIT 1    [ RunTime:0.000407s ]
[ sql ] [ SQL ] SELECT * FROM `yunzhi_project` WHERE  `project_name` LIKE '%%' LIMIT 0,5    [ RunTime:0.000381s ]

---------------------------------------------------------------
[ 2023-07-25T00:35:11+08:00 ] 127.0.0.1 127.0.0.1 GET /thinkphp5/public/index/project/index.html?page=1
[ log ] localhost:444/thinkphp5/public/index/project/index.html?page=1 [运行时间：0.040336s][吞吐率：24.79req/s] [内存消耗：2,657.20kb] [文件加载：47]
[ info ] [ ROUTE ] array (
  'type' => 'module',
  'module' => 
  array (
    0 => 'index',
    1 => 'project',
    2 => 'index',
  ),
)
[ info ] [ HEADER ] array (
  'host' => 'localhost:444',
  'user-agent' => 'Mozilla/5.0 (Windows NT 10.0; Win64; x64; rv:109.0) Gecko/20100101 Firefox/115.0',
  'accept' => 'text/html,application/xhtml+xml,application/xml;q=0.9,image/avif,image/webp,*/*;q=0.8',
  'accept-language' => 'zh-CN,zh;q=0.8,zh-TW;q=0.7,zh-HK;q=0.5,en-US;q=0.3,en;q=0.2',
  'accept-encoding' => 'gzip, deflate, br',
  'referer' => 'http://localhost:444/thinkphp5/public/index/project/index.html?page=2',
  'connection' => 'keep-alive',
  'cookie' => 'PHPSESSID=omd0n9906d92avgqf0u49o2mn7',
  'upgrade-insecure-requests' => '1',
  'sec-fetch-dest' => 'document',
  'sec-fetch-mode' => 'navigate',
  'sec-fetch-site' => 'same-origin',
  'sec-fetch-user' => '?1',
)
[ info ] [ PARAM ] array (
  'page' => '1',
)
[ info ] [ SESSION ] INIT array (
  'id' => '',
  'var_session_id' => '',
  'prefix' => 'think',
  'type' => '',
  'auto_start' => true,
)
[ info ] [ RUN ] Method [ <user> public method index ] {
  @@ D:\xampp\htdocs\thinkphp5\application\index\controller\ProjectController.php 92 - 119
}

[ info ] [ DB ] INIT mysql
[ info ] [ VIEW ] D:\xampp\htdocs\thinkphp5\public/../application/index\view\project\index.html [ array (
  0 => 'Projects',
  1 => 'add_keyword',
) ]
[ info ] [ LOG ] INIT File
[ sql ] [ DB ] CONNECT:[ UseTime:0.001050s ] mysql:dbname=tp5;host=127.0.0.1;charset=utf8
[ sql ] [ SQL ] SHOW COLUMNS FROM `yunzhi_project` [ RunTime:0.004313s ]
[ sql ] [ SQL ] SELECT COUNT(*) AS tp_count FROM `yunzhi_project` WHERE  `project_name` LIKE '%%' LIMIT 1    [ RunTime:0.000409s ]
[ sql ] [ SQL ] SELECT * FROM `yunzhi_project` WHERE  `project_name` LIKE '%%' LIMIT 0,5    [ RunTime:0.000361s ]

---------------------------------------------------------------
[ 2023-07-25T00:35:12+08:00 ] 127.0.0.1 127.0.0.1 GET /thinkphp5/public/index/project/index.html?page=1
[ log ] localhost:444/thinkphp5/public/index/project/index.html?page=1 [运行时间：0.042778s][吞吐率：23.38req/s] [内存消耗：2,478.31kb] [文件加载：45]
[ info ] [ ROUTE ] array (
  'type' => 'module',
  'module' => 
  array (
    0 => 'index',
    1 => 'project',
    2 => 'index',
  ),
)
[ info ] [ HEADER ] array (
  'host' => 'localhost:444',
  'user-agent' => 'Mozilla/5.0 (Windows NT 10.0; Win64; x64; rv:109.0) Gecko/20100101 Firefox/115.0',
  'accept' => 'text/html,application/xhtml+xml,application/xml;q=0.9,image/avif,image/webp,*/*;q=0.8',
  'accept-language' => 'zh-CN,zh;q=0.8,zh-TW;q=0.7,zh-HK;q=0.5,en-US;q=0.3,en;q=0.2',
  'accept-encoding' => 'gzip, deflate, br',
  'referer' => 'http://localhost:444/thinkphp5/public/index/project/index.html?page=2',
  'connection' => 'keep-alive',
  'cookie' => 'PHPSESSID=omd0n9906d92avgqf0u49o2mn7',
  'upgrade-insecure-requests' => '1',
  'sec-fetch-dest' => 'document',
  'sec-fetch-mode' => 'navigate',
  'sec-fetch-site' => 'same-origin',
  'sec-fetch-user' => '?1',
)
[ info ] [ PARAM ] array (
  'page' => '1',
)
[ info ] [ SESSION ] INIT array (
  'id' => '',
  'var_session_id' => '',
  'prefix' => 'think',
  'type' => '',
  'auto_start' => true,
)
[ info ] [ RUN ] Method [ <user> public method index ] {
  @@ D:\xampp\htdocs\thinkphp5\application\index\controller\ProjectController.php 92 - 119
}

[ info ] [ DB ] INIT mysql
[ info ] [ VIEW ] D:\xampp\htdocs\thinkphp5\public/../application/index\view\project\index.html [ array (
  0 => 'Projects',
  1 => 'add_keyword',
) ]
[ info ] [ LOG ] INIT File
[ sql ] [ DB ] CONNECT:[ UseTime:0.011532s ] mysql:dbname=tp5;host=127.0.0.1;charset=utf8
[ sql ] [ SQL ] SHOW COLUMNS FROM `yunzhi_project` [ RunTime:0.004806s ]
[ sql ] [ SQL ] SELECT COUNT(*) AS tp_count FROM `yunzhi_project` WHERE  `project_name` LIKE '%%' LIMIT 1    [ RunTime:0.000408s ]
[ sql ] [ SQL ] SELECT * FROM `yunzhi_project` WHERE  `project_name` LIKE '%%' LIMIT 0,5    [ RunTime:0.000403s ]

---------------------------------------------------------------
[ 2023-07-25T00:35:12+08:00 ] 127.0.0.1 127.0.0.1 GET /thinkphp5/public/index/project/index.html?page=1
[ log ] localhost:444/thinkphp5/public/index/project/index.html?page=1 [运行时间：0.046902s][吞吐率：21.32req/s] [内存消耗：2,478.31kb] [文件加载：45]
[ info ] [ ROUTE ] array (
  'type' => 'module',
  'module' => 
  array (
    0 => 'index',
    1 => 'project',
    2 => 'index',
  ),
)
[ info ] [ HEADER ] array (
  'host' => 'localhost:444',
  'user-agent' => 'Mozilla/5.0 (Windows NT 10.0; Win64; x64; rv:109.0) Gecko/20100101 Firefox/115.0',
  'accept' => 'text/html,application/xhtml+xml,application/xml;q=0.9,image/avif,image/webp,*/*;q=0.8',
  'accept-language' => 'zh-CN,zh;q=0.8,zh-TW;q=0.7,zh-HK;q=0.5,en-US;q=0.3,en;q=0.2',
  'accept-encoding' => 'gzip, deflate, br',
  'referer' => 'http://localhost:444/thinkphp5/public/index/project/index.html?page=2',
  'connection' => 'keep-alive',
  'cookie' => 'PHPSESSID=omd0n9906d92avgqf0u49o2mn7',
  'upgrade-insecure-requests' => '1',
  'sec-fetch-dest' => 'document',
  'sec-fetch-mode' => 'navigate',
  'sec-fetch-site' => 'same-origin',
  'sec-fetch-user' => '?1',
)
[ info ] [ PARAM ] array (
  'page' => '1',
)
[ info ] [ SESSION ] INIT array (
  'id' => '',
  'var_session_id' => '',
  'prefix' => 'think',
  'type' => '',
  'auto_start' => true,
)
[ info ] [ RUN ] Method [ <user> public method index ] {
  @@ D:\xampp\htdocs\thinkphp5\application\index\controller\ProjectController.php 92 - 119
}

[ info ] [ DB ] INIT mysql
[ info ] [ VIEW ] D:\xampp\htdocs\thinkphp5\public/../application/index\view\project\index.html [ array (
  0 => 'Projects',
  1 => 'add_keyword',
) ]
[ info ] [ LOG ] INIT File
[ sql ] [ DB ] CONNECT:[ UseTime:0.008798s ] mysql:dbname=tp5;host=127.0.0.1;charset=utf8
[ sql ] [ SQL ] SHOW COLUMNS FROM `yunzhi_project` [ RunTime:0.004046s ]
[ sql ] [ SQL ] SELECT COUNT(*) AS tp_count FROM `yunzhi_project` WHERE  `project_name` LIKE '%%' LIMIT 1    [ RunTime:0.000387s ]
[ sql ] [ SQL ] SELECT * FROM `yunzhi_project` WHERE  `project_name` LIKE '%%' LIMIT 0,5    [ RunTime:0.000375s ]

---------------------------------------------------------------
[ 2023-07-25T00:35:14+08:00 ] 127.0.0.1 127.0.0.1 GET /thinkphp5/public/index/project/index.html?page=2
[ log ] localhost:444/thinkphp5/public/index/project/index.html?page=2 [运行时间：0.041246s][吞吐率：24.24req/s] [内存消耗：2,471.19kb] [文件加载：45]
[ info ] [ ROUTE ] array (
  'type' => 'module',
  'module' => 
  array (
    0 => 'index',
    1 => 'project',
    2 => 'index',
  ),
)
[ info ] [ HEADER ] array (
  'host' => 'localhost:444',
  'user-agent' => 'Mozilla/5.0 (Windows NT 10.0; Win64; x64; rv:109.0) Gecko/20100101 Firefox/115.0',
  'accept' => 'text/html,application/xhtml+xml,application/xml;q=0.9,image/avif,image/webp,*/*;q=0.8',
  'accept-language' => 'zh-CN,zh;q=0.8,zh-TW;q=0.7,zh-HK;q=0.5,en-US;q=0.3,en;q=0.2',
  'accept-encoding' => 'gzip, deflate, br',
  'connection' => 'keep-alive',
  'referer' => 'http://localhost:444/thinkphp5/public/index/project/index.html?page=1',
  'cookie' => 'PHPSESSID=omd0n9906d92avgqf0u49o2mn7',
  'upgrade-insecure-requests' => '1',
  'sec-fetch-dest' => 'document',
  'sec-fetch-mode' => 'navigate',
  'sec-fetch-site' => 'same-origin',
  'sec-fetch-user' => '?1',
)
[ info ] [ PARAM ] array (
  'page' => '2',
)
[ info ] [ SESSION ] INIT array (
  'id' => '',
  'var_session_id' => '',
  'prefix' => 'think',
  'type' => '',
  'auto_start' => true,
)
[ info ] [ RUN ] Method [ <user> public method index ] {
  @@ D:\xampp\htdocs\thinkphp5\application\index\controller\ProjectController.php 92 - 119
}

[ info ] [ DB ] INIT mysql
[ info ] [ VIEW ] D:\xampp\htdocs\thinkphp5\public/../application/index\view\project\index.html [ array (
  0 => 'Projects',
  1 => 'add_keyword',
) ]
[ info ] [ LOG ] INIT File
[ sql ] [ DB ] CONNECT:[ UseTime:0.005280s ] mysql:dbname=tp5;host=127.0.0.1;charset=utf8
[ sql ] [ SQL ] SHOW COLUMNS FROM `yunzhi_project` [ RunTime:0.003731s ]
[ sql ] [ SQL ] SELECT COUNT(*) AS tp_count FROM `yunzhi_project` WHERE  `project_name` LIKE '%%' LIMIT 1    [ RunTime:0.000285s ]
[ sql ] [ SQL ] SELECT * FROM `yunzhi_project` WHERE  `project_name` LIKE '%%' LIMIT 5,5    [ RunTime:0.000249s ]

---------------------------------------------------------------
[ 2023-07-25T00:35:15+08:00 ] 127.0.0.1 127.0.0.1 GET /thinkphp5/public/index/project/index.html?page=1
[ log ] localhost:444/thinkphp5/public/index/project/index.html?page=1 [运行时间：0.032917s][吞吐率：30.38req/s] [内存消耗：2,478.25kb] [文件加载：45]
[ info ] [ ROUTE ] array (
  'type' => 'module',
  'module' => 
  array (
    0 => 'index',
    1 => 'project',
    2 => 'index',
  ),
)
[ info ] [ HEADER ] array (
  'host' => 'localhost:444',
  'user-agent' => 'Mozilla/5.0 (Windows NT 10.0; Win64; x64; rv:109.0) Gecko/20100101 Firefox/115.0',
  'accept' => 'text/html,application/xhtml+xml,application/xml;q=0.9,image/avif,image/webp,*/*;q=0.8',
  'accept-language' => 'zh-CN,zh;q=0.8,zh-TW;q=0.7,zh-HK;q=0.5,en-US;q=0.3,en;q=0.2',
  'accept-encoding' => 'gzip, deflate, br',
  'connection' => 'keep-alive',
  'referer' => 'http://localhost:444/thinkphp5/public/index/project/index.html?page=2',
  'cookie' => 'PHPSESSID=omd0n9906d92avgqf0u49o2mn7',
  'upgrade-insecure-requests' => '1',
  'sec-fetch-dest' => 'document',
  'sec-fetch-mode' => 'navigate',
  'sec-fetch-site' => 'same-origin',
  'sec-fetch-user' => '?1',
)
[ info ] [ PARAM ] array (
  'page' => '1',
)
[ info ] [ SESSION ] INIT array (
  'id' => '',
  'var_session_id' => '',
  'prefix' => 'think',
  'type' => '',
  'auto_start' => true,
)
[ info ] [ RUN ] Method [ <user> public method index ] {
  @@ D:\xampp\htdocs\thinkphp5\application\index\controller\ProjectController.php 92 - 119
}

[ info ] [ DB ] INIT mysql
[ info ] [ VIEW ] D:\xampp\htdocs\thinkphp5\public/../application/index\view\project\index.html [ array (
  0 => 'Projects',
  1 => 'add_keyword',
) ]
[ info ] [ LOG ] INIT File
[ sql ] [ DB ] CONNECT:[ UseTime:0.000630s ] mysql:dbname=tp5;host=127.0.0.1;charset=utf8
[ sql ] [ SQL ] SHOW COLUMNS FROM `yunzhi_project` [ RunTime:0.002887s ]
[ sql ] [ SQL ] SELECT COUNT(*) AS tp_count FROM `yunzhi_project` WHERE  `project_name` LIKE '%%' LIMIT 1    [ RunTime:0.000249s ]
[ sql ] [ SQL ] SELECT * FROM `yunzhi_project` WHERE  `project_name` LIKE '%%' LIMIT 0,5    [ RunTime:0.000231s ]

---------------------------------------------------------------
[ 2023-07-25T10:35:30+08:00 ] 127.0.0.1 127.0.0.1 GET /thinkphp5/public/index/project/index.html?page=2
[ log ] localhost:444/thinkphp5/public/index/project/index.html?page=2 [运行时间：0.045276s][吞吐率：22.09req/s] [内存消耗：1,616.47kb] [文件加载：34]
[ info ] [ ROUTE ] array (
  'type' => 'module',
  'module' => 
  array (
    0 => 'index',
    1 => 'project',
    2 => 'index',
  ),
)
[ info ] [ HEADER ] array (
  'host' => 'localhost:444',
  'user-agent' => 'Mozilla/5.0 (Windows NT 10.0; Win64; x64; rv:109.0) Gecko/20100101 Firefox/115.0',
  'accept' => 'text/html,application/xhtml+xml,application/xml;q=0.9,image/avif,image/webp,*/*;q=0.8',
  'accept-language' => 'zh-CN,zh;q=0.8,zh-TW;q=0.7,zh-HK;q=0.5,en-US;q=0.3,en;q=0.2',
  'accept-encoding' => 'gzip, deflate, br',
  'connection' => 'keep-alive',
  'upgrade-insecure-requests' => '1',
  'sec-fetch-dest' => 'document',
  'sec-fetch-mode' => 'navigate',
  'sec-fetch-site' => 'none',
  'sec-fetch-user' => '?1',
)
[ info ] [ PARAM ] array (
  'page' => '2',
)
[ info ] [ SESSION ] INIT array (
  'id' => '',
  'var_session_id' => '',
  'prefix' => 'think',
  'type' => '',
  'auto_start' => true,
)
[ info ] [ VIEW ] D:\xampp\htdocs\thinkphp5\thinkphp\tpl\dispatch_jump.tpl [ array (
  0 => 'code',
  1 => 'msg',
  2 => 'data',
  3 => 'url',
  4 => 'wait',
) ]
[ info ] [ LOG ] INIT File

---------------------------------------------------------------
[ 2023-07-25T10:35:32+08:00 ] 127.0.0.1 127.0.0.1 GET /thinkphp5/public/index/login/index.html
[ log ] localhost:444/thinkphp5/public/index/login/index.html [运行时间：0.022014s][吞吐率：45.43req/s] [内存消耗：1,289.91kb] [文件加载：30]
[ info ] [ ROUTE ] array (
  'type' => 'module',
  'module' => 
  array (
    0 => 'index',
    1 => 'login',
    2 => 'index',
  ),
)
[ info ] [ HEADER ] array (
  'host' => 'localhost:444',
  'user-agent' => 'Mozilla/5.0 (Windows NT 10.0; Win64; x64; rv:109.0) Gecko/20100101 Firefox/115.0',
  'accept' => 'text/html,application/xhtml+xml,application/xml;q=0.9,image/avif,image/webp,*/*;q=0.8',
  'accept-language' => 'zh-CN,zh;q=0.8,zh-TW;q=0.7,zh-HK;q=0.5,en-US;q=0.3,en;q=0.2',
  'accept-encoding' => 'gzip, deflate, br',
  'connection' => 'keep-alive',
  'referer' => 'http://localhost:444/thinkphp5/public/index/project/index.html?page=2',
  'cookie' => 'PHPSESSID=hfi55ujsbnl5r1bri53fjs7196',
  'upgrade-insecure-requests' => '1',
  'sec-fetch-dest' => 'document',
  'sec-fetch-mode' => 'navigate',
  'sec-fetch-site' => 'same-origin',
  'sec-fetch-user' => '?1',
)
[ info ] [ PARAM ] array (
)
[ info ] [ RUN ] Method [ <user> public method index ] {
  @@ D:\xampp\htdocs\thinkphp5\application\index\controller\LoginController.php 10 - 14
}

[ info ] [ VIEW ] D:\xampp\htdocs\thinkphp5\public/../application/index\view\login\index.html [ array (
) ]
[ info ] [ LOG ] INIT File

---------------------------------------------------------------
[ 2023-07-25T10:35:34+08:00 ] 127.0.0.1 127.0.0.1 POST /thinkphp5/public/index/login/login.html
[ log ] localhost:444/thinkphp5/public/index/login/login.html [运行时间：0.072728s][吞吐率：13.75req/s] [内存消耗：2,325.97kb] [文件加载：42]
[ info ] [ ROUTE ] array (
  'type' => 'module',
  'module' => 
  array (
    0 => 'index',
    1 => 'login',
    2 => 'login',
  ),
)
[ info ] [ HEADER ] array (
  'host' => 'localhost:444',
  'user-agent' => 'Mozilla/5.0 (Windows NT 10.0; Win64; x64; rv:109.0) Gecko/20100101 Firefox/115.0',
  'accept' => 'text/html,application/xhtml+xml,application/xml;q=0.9,image/avif,image/webp,*/*;q=0.8',
  'accept-language' => 'zh-CN,zh;q=0.8,zh-TW;q=0.7,zh-HK;q=0.5,en-US;q=0.3,en;q=0.2',
  'accept-encoding' => 'gzip, deflate, br',
  'origin' => 'http://localhost:444',
  'connection' => 'keep-alive',
  'referer' => 'http://localhost:444/thinkphp5/public/index/login/index.html',
  'cookie' => 'PHPSESSID=hfi55ujsbnl5r1bri53fjs7196',
  'upgrade-insecure-requests' => '1',
  'sec-fetch-dest' => 'document',
  'sec-fetch-mode' => 'navigate',
  'sec-fetch-site' => 'same-origin',
  'sec-fetch-user' => '?1',
  'content-type' => 'application/x-www-form-urlencoded',
  'content-length' => '33',
)
[ info ] [ PARAM ] array (
  'username' => 'zhangsan',
  'password' => '123456',
)
[ info ] [ RUN ] Method [ <user> public method login ] {
  @@ D:\xampp\htdocs\thinkphp5\application\index\controller\LoginController.php 17 - 28
}

[ info ] [ DB ] INIT mysql
[ info ] [ SESSION ] INIT array (
  'id' => '',
  'var_session_id' => '',
  'prefix' => 'think',
  'type' => '',
  'auto_start' => true,
)
[ info ] [ VIEW ] D:\xampp\htdocs\thinkphp5\thinkphp\tpl\dispatch_jump.tpl [ array (
  0 => 'code',
  1 => 'msg',
  2 => 'data',
  3 => 'url',
  4 => 'wait',
) ]
[ info ] [ LOG ] INIT File
[ sql ] [ DB ] CONNECT:[ UseTime:0.004304s ] mysql:dbname=tp5;host=127.0.0.1;charset=utf8
[ sql ] [ SQL ] SHOW COLUMNS FROM `yunzhi_user` [ RunTime:0.019107s ]
[ sql ] [ SQL ] SELECT * FROM `yunzhi_user` WHERE  `username` = 'zhangsan' LIMIT 1    [ RunTime:0.001728s ]
[ sql ] [ SQL ] SHOW COLUMNS FROM `yunzhi_project_user` [ RunTime:0.010212s ]
[ sql ] [ SQL ] SELECT * FROM `yunzhi_project_user` WHERE  `user_id` = 1   [ RunTime:0.000377s ]

---------------------------------------------------------------
[ 2023-07-25T10:35:36+08:00 ] 127.0.0.1 127.0.0.1 GET /thinkphp5/public/index/project/index.html
[ log ] localhost:444/thinkphp5/public/index/project/index.html [运行时间：0.058349s][吞吐率：17.14req/s] [内存消耗：2,477.73kb] [文件加载：45]
[ info ] [ ROUTE ] array (
  'type' => 'module',
  'module' => 
  array (
    0 => 'index',
    1 => 'project',
    2 => 'index',
  ),
)
[ info ] [ HEADER ] array (
  'host' => 'localhost:444',
  'user-agent' => 'Mozilla/5.0 (Windows NT 10.0; Win64; x64; rv:109.0) Gecko/20100101 Firefox/115.0',
  'accept' => 'text/html,application/xhtml+xml,application/xml;q=0.9,image/avif,image/webp,*/*;q=0.8',
  'accept-language' => 'zh-CN,zh;q=0.8,zh-TW;q=0.7,zh-HK;q=0.5,en-US;q=0.3,en;q=0.2',
  'accept-encoding' => 'gzip, deflate, br',
  'connection' => 'keep-alive',
  'referer' => 'http://localhost:444/thinkphp5/public/index/login/login.html',
  'cookie' => 'PHPSESSID=hfi55ujsbnl5r1bri53fjs7196',
  'upgrade-insecure-requests' => '1',
  'sec-fetch-dest' => 'document',
  'sec-fetch-mode' => 'navigate',
  'sec-fetch-site' => 'same-origin',
  'sec-fetch-user' => '?1',
)
[ info ] [ PARAM ] array (
)
[ info ] [ SESSION ] INIT array (
  'id' => '',
  'var_session_id' => '',
  'prefix' => 'think',
  'type' => '',
  'auto_start' => true,
)
[ info ] [ RUN ] Method [ <user> public method index ] {
  @@ D:\xampp\htdocs\thinkphp5\application\index\controller\ProjectController.php 92 - 119
}

[ info ] [ DB ] INIT mysql
[ info ] [ VIEW ] D:\xampp\htdocs\thinkphp5\public/../application/index\view\project\index.html [ array (
  0 => 'Projects',
  1 => 'add_keyword',
) ]
[ info ] [ LOG ] INIT File
[ sql ] [ DB ] CONNECT:[ UseTime:0.010399s ] mysql:dbname=tp5;host=127.0.0.1;charset=utf8
[ sql ] [ SQL ] SHOW COLUMNS FROM `yunzhi_project` [ RunTime:0.007438s ]
[ sql ] [ SQL ] SELECT COUNT(*) AS tp_count FROM `yunzhi_project` WHERE  `project_name` LIKE '%%' LIMIT 1    [ RunTime:0.001713s ]
[ sql ] [ SQL ] SELECT * FROM `yunzhi_project` WHERE  `project_name` LIKE '%%' LIMIT 0,5    [ RunTime:0.000293s ]

---------------------------------------------------------------
[ 2023-07-25T10:40:12+08:00 ] 127.0.0.1 127.0.0.1 GET /thinkphp5/public/index/login/logout.html
[ log ] localhost:444/thinkphp5/public/index/login/logout.html [运行时间：0.020321s][吞吐率：49.21req/s] [内存消耗：1,593.79kb] [文件加载：34]
[ info ] [ ROUTE ] array (
  'type' => 'module',
  'module' => 
  array (
    0 => 'index',
    1 => 'login',
    2 => 'logout',
  ),
)
[ info ] [ HEADER ] array (
  'host' => 'localhost:444',
  'user-agent' => 'Mozilla/5.0 (Windows NT 10.0; Win64; x64; rv:109.0) Gecko/20100101 Firefox/115.0',
  'accept' => 'text/html,application/xhtml+xml,application/xml;q=0.9,image/avif,image/webp,*/*;q=0.8',
  'accept-language' => 'zh-CN,zh;q=0.8,zh-TW;q=0.7,zh-HK;q=0.5,en-US;q=0.3,en;q=0.2',
  'accept-encoding' => 'gzip, deflate, br',
  'connection' => 'keep-alive',
  'referer' => 'http://localhost:444/thinkphp5/public/index/project/index.html',
  'cookie' => 'PHPSESSID=hfi55ujsbnl5r1bri53fjs7196',
  'upgrade-insecure-requests' => '1',
  'sec-fetch-dest' => 'document',
  'sec-fetch-mode' => 'navigate',
  'sec-fetch-site' => 'same-origin',
  'sec-fetch-user' => '?1',
)
[ info ] [ PARAM ] array (
)
[ info ] [ RUN ] Method [ <user> public method logOut ] {
  @@ D:\xampp\htdocs\thinkphp5\application\index\controller\LoginController.php 31 - 38
}

[ info ] [ SESSION ] INIT array (
  'id' => '',
  'var_session_id' => '',
  'prefix' => 'think',
  'type' => '',
  'auto_start' => true,
)
[ info ] [ VIEW ] D:\xampp\htdocs\thinkphp5\thinkphp\tpl\dispatch_jump.tpl [ array (
  0 => 'code',
  1 => 'msg',
  2 => 'data',
  3 => 'url',
  4 => 'wait',
) ]
[ info ] [ LOG ] INIT File

---------------------------------------------------------------
[ 2023-07-25T10:40:13+08:00 ] 127.0.0.1 127.0.0.1 GET /thinkphp5/public/index/login/index.html
[ log ] localhost:444/thinkphp5/public/index/login/index.html [运行时间：0.013409s][吞吐率：74.58req/s] [内存消耗：1,289.93kb] [文件加载：30]
[ info ] [ ROUTE ] array (
  'type' => 'module',
  'module' => 
  array (
    0 => 'index',
    1 => 'login',
    2 => 'index',
  ),
)
[ info ] [ HEADER ] array (
  'host' => 'localhost:444',
  'user-agent' => 'Mozilla/5.0 (Windows NT 10.0; Win64; x64; rv:109.0) Gecko/20100101 Firefox/115.0',
  'accept' => 'text/html,application/xhtml+xml,application/xml;q=0.9,image/avif,image/webp,*/*;q=0.8',
  'accept-language' => 'zh-CN,zh;q=0.8,zh-TW;q=0.7,zh-HK;q=0.5,en-US;q=0.3,en;q=0.2',
  'accept-encoding' => 'gzip, deflate, br',
  'connection' => 'keep-alive',
  'referer' => 'http://localhost:444/thinkphp5/public/index/login/logout.html',
  'cookie' => 'PHPSESSID=hfi55ujsbnl5r1bri53fjs7196',
  'upgrade-insecure-requests' => '1',
  'sec-fetch-dest' => 'document',
  'sec-fetch-mode' => 'navigate',
  'sec-fetch-site' => 'same-origin',
  'sec-fetch-user' => '?1',
)
[ info ] [ PARAM ] array (
)
[ info ] [ RUN ] Method [ <user> public method index ] {
  @@ D:\xampp\htdocs\thinkphp5\application\index\controller\LoginController.php 10 - 14
}

[ info ] [ VIEW ] D:\xampp\htdocs\thinkphp5\public/../application/index\view\login\index.html [ array (
) ]
[ info ] [ LOG ] INIT File

---------------------------------------------------------------
[ 2023-07-25T10:40:16+08:00 ] 127.0.0.1 127.0.0.1 POST /thinkphp5/public/index/login/login.html
[ log ] localhost:444/thinkphp5/public/index/login/login.html [运行时间：0.039945s][吞吐率：25.03req/s] [内存消耗：2,325.66kb] [文件加载：42]
[ info ] [ ROUTE ] array (
  'type' => 'module',
  'module' => 
  array (
    0 => 'index',
    1 => 'login',
    2 => 'login',
  ),
)
[ info ] [ HEADER ] array (
  'host' => 'localhost:444',
  'user-agent' => 'Mozilla/5.0 (Windows NT 10.0; Win64; x64; rv:109.0) Gecko/20100101 Firefox/115.0',
  'accept' => 'text/html,application/xhtml+xml,application/xml;q=0.9,image/avif,image/webp,*/*;q=0.8',
  'accept-language' => 'zh-CN,zh;q=0.8,zh-TW;q=0.7,zh-HK;q=0.5,en-US;q=0.3,en;q=0.2',
  'accept-encoding' => 'gzip, deflate, br',
  'origin' => 'http://localhost:444',
  'connection' => 'keep-alive',
  'referer' => 'http://localhost:444/thinkphp5/public/index/login/index.html',
  'cookie' => 'PHPSESSID=hfi55ujsbnl5r1bri53fjs7196',
  'upgrade-insecure-requests' => '1',
  'sec-fetch-dest' => 'document',
  'sec-fetch-mode' => 'navigate',
  'sec-fetch-site' => 'same-origin',
  'sec-fetch-user' => '?1',
  'content-type' => 'application/x-www-form-urlencoded',
  'content-length' => '29',
)
[ info ] [ PARAM ] array (
  'username' => 'lisi',
  'password' => '456789',
)
[ info ] [ RUN ] Method [ <user> public method login ] {
  @@ D:\xampp\htdocs\thinkphp5\application\index\controller\LoginController.php 17 - 28
}

[ info ] [ DB ] INIT mysql
[ info ] [ SESSION ] INIT array (
  'id' => '',
  'var_session_id' => '',
  'prefix' => 'think',
  'type' => '',
  'auto_start' => true,
)
[ info ] [ VIEW ] D:\xampp\htdocs\thinkphp5\thinkphp\tpl\dispatch_jump.tpl [ array (
  0 => 'code',
  1 => 'msg',
  2 => 'data',
  3 => 'url',
  4 => 'wait',
) ]
[ info ] [ LOG ] INIT File
[ sql ] [ DB ] CONNECT:[ UseTime:0.006631s ] mysql:dbname=tp5;host=127.0.0.1;charset=utf8
[ sql ] [ SQL ] SHOW COLUMNS FROM `yunzhi_user` [ RunTime:0.003248s ]
[ sql ] [ SQL ] SELECT * FROM `yunzhi_user` WHERE  `username` = 'lisi' LIMIT 1    [ RunTime:0.000488s ]
[ sql ] [ SQL ] SHOW COLUMNS FROM `yunzhi_project_user` [ RunTime:0.003044s ]
[ sql ] [ SQL ] SELECT * FROM `yunzhi_project_user` WHERE  `user_id` = 2   [ RunTime:0.000439s ]

---------------------------------------------------------------
[ 2023-07-25T10:40:17+08:00 ] 127.0.0.1 127.0.0.1 GET /thinkphp5/public/index/project/index.html
[ log ] localhost:444/thinkphp5/public/index/project/index.html [运行时间：0.046471s][吞吐率：21.52req/s] [内存消耗：2,477.59kb] [文件加载：45]
[ info ] [ ROUTE ] array (
  'type' => 'module',
  'module' => 
  array (
    0 => 'index',
    1 => 'project',
    2 => 'index',
  ),
)
[ info ] [ HEADER ] array (
  'host' => 'localhost:444',
  'user-agent' => 'Mozilla/5.0 (Windows NT 10.0; Win64; x64; rv:109.0) Gecko/20100101 Firefox/115.0',
  'accept' => 'text/html,application/xhtml+xml,application/xml;q=0.9,image/avif,image/webp,*/*;q=0.8',
  'accept-language' => 'zh-CN,zh;q=0.8,zh-TW;q=0.7,zh-HK;q=0.5,en-US;q=0.3,en;q=0.2',
  'accept-encoding' => 'gzip, deflate, br',
  'connection' => 'keep-alive',
  'referer' => 'http://localhost:444/thinkphp5/public/index/login/login.html',
  'cookie' => 'PHPSESSID=hfi55ujsbnl5r1bri53fjs7196',
  'upgrade-insecure-requests' => '1',
  'sec-fetch-dest' => 'document',
  'sec-fetch-mode' => 'navigate',
  'sec-fetch-site' => 'same-origin',
  'sec-fetch-user' => '?1',
)
[ info ] [ PARAM ] array (
)
[ info ] [ SESSION ] INIT array (
  'id' => '',
  'var_session_id' => '',
  'prefix' => 'think',
  'type' => '',
  'auto_start' => true,
)
[ info ] [ RUN ] Method [ <user> public method index ] {
  @@ D:\xampp\htdocs\thinkphp5\application\index\controller\ProjectController.php 92 - 119
}

[ info ] [ DB ] INIT mysql
[ info ] [ VIEW ] D:\xampp\htdocs\thinkphp5\public/../application/index\view\project\index.html [ array (
  0 => 'Projects',
  1 => 'add_keyword',
) ]
[ info ] [ LOG ] INIT File
[ sql ] [ DB ] CONNECT:[ UseTime:0.014207s ] mysql:dbname=tp5;host=127.0.0.1;charset=utf8
[ sql ] [ SQL ] SHOW COLUMNS FROM `yunzhi_project` [ RunTime:0.003156s ]
[ sql ] [ SQL ] SELECT COUNT(*) AS tp_count FROM `yunzhi_project` WHERE  `project_name` LIKE '%%' LIMIT 1    [ RunTime:0.000459s ]
[ sql ] [ SQL ] SELECT * FROM `yunzhi_project` WHERE  `project_name` LIKE '%%' LIMIT 0,5    [ RunTime:0.000407s ]

---------------------------------------------------------------
[ 2023-07-25T10:40:20+08:00 ] 127.0.0.1 127.0.0.1 GET /thinkphp5/public/index/project/index.html?page=2
[ log ] localhost:444/thinkphp5/public/index/project/index.html?page=2 [运行时间：0.044943s][吞吐率：22.25req/s] [内存消耗：2,470.80kb] [文件加载：45]
[ info ] [ ROUTE ] array (
  'type' => 'module',
  'module' => 
  array (
    0 => 'index',
    1 => 'project',
    2 => 'index',
  ),
)
[ info ] [ HEADER ] array (
  'host' => 'localhost:444',
  'user-agent' => 'Mozilla/5.0 (Windows NT 10.0; Win64; x64; rv:109.0) Gecko/20100101 Firefox/115.0',
  'accept' => 'text/html,application/xhtml+xml,application/xml;q=0.9,image/avif,image/webp,*/*;q=0.8',
  'accept-language' => 'zh-CN,zh;q=0.8,zh-TW;q=0.7,zh-HK;q=0.5,en-US;q=0.3,en;q=0.2',
  'accept-encoding' => 'gzip, deflate, br',
  'connection' => 'keep-alive',
  'referer' => 'http://localhost:444/thinkphp5/public/index/project/index.html',
  'cookie' => 'PHPSESSID=hfi55ujsbnl5r1bri53fjs7196',
  'upgrade-insecure-requests' => '1',
  'sec-fetch-dest' => 'document',
  'sec-fetch-mode' => 'navigate',
  'sec-fetch-site' => 'same-origin',
  'sec-fetch-user' => '?1',
)
[ info ] [ PARAM ] array (
  'page' => '2',
)
[ info ] [ SESSION ] INIT array (
  'id' => '',
  'var_session_id' => '',
  'prefix' => 'think',
  'type' => '',
  'auto_start' => true,
)
[ info ] [ RUN ] Method [ <user> public method index ] {
  @@ D:\xampp\htdocs\thinkphp5\application\index\controller\ProjectController.php 92 - 119
}

[ info ] [ DB ] INIT mysql
[ info ] [ VIEW ] D:\xampp\htdocs\thinkphp5\public/../application/index\view\project\index.html [ array (
  0 => 'Projects',
  1 => 'add_keyword',
) ]
[ info ] [ LOG ] INIT File
[ sql ] [ DB ] CONNECT:[ UseTime:0.014692s ] mysql:dbname=tp5;host=127.0.0.1;charset=utf8
[ sql ] [ SQL ] SHOW COLUMNS FROM `yunzhi_project` [ RunTime:0.003537s ]
[ sql ] [ SQL ] SELECT COUNT(*) AS tp_count FROM `yunzhi_project` WHERE  `project_name` LIKE '%%' LIMIT 1    [ RunTime:0.000485s ]
[ sql ] [ SQL ] SELECT * FROM `yunzhi_project` WHERE  `project_name` LIKE '%%' LIMIT 5,5    [ RunTime:0.000420s ]

---------------------------------------------------------------
[ 2023-07-25T10:40:21+08:00 ] 127.0.0.1 127.0.0.1 GET /thinkphp5/public/index/project/index.html?page=1
[ log ] localhost:444/thinkphp5/public/index/project/index.html?page=1 [运行时间：0.036598s][吞吐率：27.32req/s] [内存消耗：2,477.83kb] [文件加载：45]
[ info ] [ ROUTE ] array (
  'type' => 'module',
  'module' => 
  array (
    0 => 'index',
    1 => 'project',
    2 => 'index',
  ),
)
[ info ] [ HEADER ] array (
  'host' => 'localhost:444',
  'user-agent' => 'Mozilla/5.0 (Windows NT 10.0; Win64; x64; rv:109.0) Gecko/20100101 Firefox/115.0',
  'accept' => 'text/html,application/xhtml+xml,application/xml;q=0.9,image/avif,image/webp,*/*;q=0.8',
  'accept-language' => 'zh-CN,zh;q=0.8,zh-TW;q=0.7,zh-HK;q=0.5,en-US;q=0.3,en;q=0.2',
  'accept-encoding' => 'gzip, deflate, br',
  'connection' => 'keep-alive',
  'referer' => 'http://localhost:444/thinkphp5/public/index/project/index.html?page=2',
  'cookie' => 'PHPSESSID=hfi55ujsbnl5r1bri53fjs7196',
  'upgrade-insecure-requests' => '1',
  'sec-fetch-dest' => 'document',
  'sec-fetch-mode' => 'navigate',
  'sec-fetch-site' => 'same-origin',
  'sec-fetch-user' => '?1',
)
[ info ] [ PARAM ] array (
  'page' => '1',
)
[ info ] [ SESSION ] INIT array (
  'id' => '',
  'var_session_id' => '',
  'prefix' => 'think',
  'type' => '',
  'auto_start' => true,
)
[ info ] [ RUN ] Method [ <user> public method index ] {
  @@ D:\xampp\htdocs\thinkphp5\application\index\controller\ProjectController.php 92 - 119
}

[ info ] [ DB ] INIT mysql
[ info ] [ VIEW ] D:\xampp\htdocs\thinkphp5\public/../application/index\view\project\index.html [ array (
  0 => 'Projects',
  1 => 'add_keyword',
) ]
[ info ] [ LOG ] INIT File
[ sql ] [ DB ] CONNECT:[ UseTime:0.005956s ] mysql:dbname=tp5;host=127.0.0.1;charset=utf8
[ sql ] [ SQL ] SHOW COLUMNS FROM `yunzhi_project` [ RunTime:0.003086s ]
[ sql ] [ SQL ] SELECT COUNT(*) AS tp_count FROM `yunzhi_project` WHERE  `project_name` LIKE '%%' LIMIT 1    [ RunTime:0.000371s ]
[ sql ] [ SQL ] SELECT * FROM `yunzhi_project` WHERE  `project_name` LIKE '%%' LIMIT 0,5    [ RunTime:0.000326s ]

---------------------------------------------------------------
[ 2023-07-25T10:40:26+08:00 ] 127.0.0.1 127.0.0.1 GET /thinkphp5/public/index/login/logout.html
[ log ] localhost:444/thinkphp5/public/index/login/logout.html [运行时间：0.016951s][吞吐率：58.99req/s] [内存消耗：1,593.78kb] [文件加载：34]
[ info ] [ ROUTE ] array (
  'type' => 'module',
  'module' => 
  array (
    0 => 'index',
    1 => 'login',
    2 => 'logout',
  ),
)
[ info ] [ HEADER ] array (
  'host' => 'localhost:444',
  'user-agent' => 'Mozilla/5.0 (Windows NT 10.0; Win64; x64; rv:109.0) Gecko/20100101 Firefox/115.0',
  'accept' => 'text/html,application/xhtml+xml,application/xml;q=0.9,image/avif,image/webp,*/*;q=0.8',
  'accept-language' => 'zh-CN,zh;q=0.8,zh-TW;q=0.7,zh-HK;q=0.5,en-US;q=0.3,en;q=0.2',
  'accept-encoding' => 'gzip, deflate, br',
  'connection' => 'keep-alive',
  'referer' => 'http://localhost:444/thinkphp5/public/index/project/index.html?page=1',
  'cookie' => 'PHPSESSID=hfi55ujsbnl5r1bri53fjs7196',
  'upgrade-insecure-requests' => '1',
  'sec-fetch-dest' => 'document',
  'sec-fetch-mode' => 'navigate',
  'sec-fetch-site' => 'same-origin',
  'sec-fetch-user' => '?1',
)
[ info ] [ PARAM ] array (
)
[ info ] [ RUN ] Method [ <user> public method logOut ] {
  @@ D:\xampp\htdocs\thinkphp5\application\index\controller\LoginController.php 31 - 38
}

[ info ] [ SESSION ] INIT array (
  'id' => '',
  'var_session_id' => '',
  'prefix' => 'think',
  'type' => '',
  'auto_start' => true,
)
[ info ] [ VIEW ] D:\xampp\htdocs\thinkphp5\thinkphp\tpl\dispatch_jump.tpl [ array (
  0 => 'code',
  1 => 'msg',
  2 => 'data',
  3 => 'url',
  4 => 'wait',
) ]
[ info ] [ LOG ] INIT File

---------------------------------------------------------------
[ 2023-07-25T10:40:27+08:00 ] 127.0.0.1 127.0.0.1 GET /thinkphp5/public/index/login/index.html
[ log ] localhost:444/thinkphp5/public/index/login/index.html [运行时间：0.012497s][吞吐率：80.02req/s] [内存消耗：1,289.93kb] [文件加载：30]
[ info ] [ ROUTE ] array (
  'type' => 'module',
  'module' => 
  array (
    0 => 'index',
    1 => 'login',
    2 => 'index',
  ),
)
[ info ] [ HEADER ] array (
  'host' => 'localhost:444',
  'user-agent' => 'Mozilla/5.0 (Windows NT 10.0; Win64; x64; rv:109.0) Gecko/20100101 Firefox/115.0',
  'accept' => 'text/html,application/xhtml+xml,application/xml;q=0.9,image/avif,image/webp,*/*;q=0.8',
  'accept-language' => 'zh-CN,zh;q=0.8,zh-TW;q=0.7,zh-HK;q=0.5,en-US;q=0.3,en;q=0.2',
  'accept-encoding' => 'gzip, deflate, br',
  'connection' => 'keep-alive',
  'referer' => 'http://localhost:444/thinkphp5/public/index/login/logout.html',
  'cookie' => 'PHPSESSID=hfi55ujsbnl5r1bri53fjs7196',
  'upgrade-insecure-requests' => '1',
  'sec-fetch-dest' => 'document',
  'sec-fetch-mode' => 'navigate',
  'sec-fetch-site' => 'same-origin',
  'sec-fetch-user' => '?1',
)
[ info ] [ PARAM ] array (
)
[ info ] [ RUN ] Method [ <user> public method index ] {
  @@ D:\xampp\htdocs\thinkphp5\application\index\controller\LoginController.php 10 - 14
}

[ info ] [ VIEW ] D:\xampp\htdocs\thinkphp5\public/../application/index\view\login\index.html [ array (
) ]
[ info ] [ LOG ] INIT File

---------------------------------------------------------------
[ 2023-07-25T10:40:30+08:00 ] 127.0.0.1 127.0.0.1 POST /thinkphp5/public/index/login/login.html
[ log ] localhost:444/thinkphp5/public/index/login/login.html [运行时间：0.042402s][吞吐率：23.58req/s] [内存消耗：2,326.16kb] [文件加载：42]
[ info ] [ ROUTE ] array (
  'type' => 'module',
  'module' => 
  array (
    0 => 'index',
    1 => 'login',
    2 => 'login',
  ),
)
[ info ] [ HEADER ] array (
  'host' => 'localhost:444',
  'user-agent' => 'Mozilla/5.0 (Windows NT 10.0; Win64; x64; rv:109.0) Gecko/20100101 Firefox/115.0',
  'accept' => 'text/html,application/xhtml+xml,application/xml;q=0.9,image/avif,image/webp,*/*;q=0.8',
  'accept-language' => 'zh-CN,zh;q=0.8,zh-TW;q=0.7,zh-HK;q=0.5,en-US;q=0.3,en;q=0.2',
  'accept-encoding' => 'gzip, deflate, br',
  'origin' => 'http://localhost:444',
  'connection' => 'keep-alive',
  'referer' => 'http://localhost:444/thinkphp5/public/index/login/index.html',
  'cookie' => 'PHPSESSID=hfi55ujsbnl5r1bri53fjs7196',
  'upgrade-insecure-requests' => '1',
  'sec-fetch-dest' => 'document',
  'sec-fetch-mode' => 'navigate',
  'sec-fetch-site' => 'same-origin',
  'sec-fetch-user' => '?1',
  'content-type' => 'application/x-www-form-urlencoded',
  'content-length' => '33',
)
[ info ] [ PARAM ] array (
  'username' => 'zhangsan',
  'password' => '123456',
)
[ info ] [ RUN ] Method [ <user> public method login ] {
  @@ D:\xampp\htdocs\thinkphp5\application\index\controller\LoginController.php 17 - 28
}

[ info ] [ DB ] INIT mysql
[ info ] [ SESSION ] INIT array (
  'id' => '',
  'var_session_id' => '',
  'prefix' => 'think',
  'type' => '',
  'auto_start' => true,
)
[ info ] [ VIEW ] D:\xampp\htdocs\thinkphp5\thinkphp\tpl\dispatch_jump.tpl [ array (
  0 => 'code',
  1 => 'msg',
  2 => 'data',
  3 => 'url',
  4 => 'wait',
) ]
[ info ] [ LOG ] INIT File
[ sql ] [ DB ] CONNECT:[ UseTime:0.013420s ] mysql:dbname=tp5;host=127.0.0.1;charset=utf8
[ sql ] [ SQL ] SHOW COLUMNS FROM `yunzhi_user` [ RunTime:0.003661s ]
[ sql ] [ SQL ] SELECT * FROM `yunzhi_user` WHERE  `username` = 'zhangsan' LIMIT 1    [ RunTime:0.000527s ]
[ sql ] [ SQL ] SHOW COLUMNS FROM `yunzhi_project_user` [ RunTime:0.002759s ]
[ sql ] [ SQL ] SELECT * FROM `yunzhi_project_user` WHERE  `user_id` = 1   [ RunTime:0.000356s ]

---------------------------------------------------------------
[ 2023-07-25T10:40:32+08:00 ] 127.0.0.1 127.0.0.1 GET /thinkphp5/public/index/project/index.html
[ log ] localhost:444/thinkphp5/public/index/project/index.html [运行时间：0.035314s][吞吐率：28.32req/s] [内存消耗：2,477.77kb] [文件加载：45]
[ info ] [ ROUTE ] array (
  'type' => 'module',
  'module' => 
  array (
    0 => 'index',
    1 => 'project',
    2 => 'index',
  ),
)
[ info ] [ HEADER ] array (
  'host' => 'localhost:444',
  'user-agent' => 'Mozilla/5.0 (Windows NT 10.0; Win64; x64; rv:109.0) Gecko/20100101 Firefox/115.0',
  'accept' => 'text/html,application/xhtml+xml,application/xml;q=0.9,image/avif,image/webp,*/*;q=0.8',
  'accept-language' => 'zh-CN,zh;q=0.8,zh-TW;q=0.7,zh-HK;q=0.5,en-US;q=0.3,en;q=0.2',
  'accept-encoding' => 'gzip, deflate, br',
  'connection' => 'keep-alive',
  'referer' => 'http://localhost:444/thinkphp5/public/index/login/login.html',
  'cookie' => 'PHPSESSID=hfi55ujsbnl5r1bri53fjs7196',
  'upgrade-insecure-requests' => '1',
  'sec-fetch-dest' => 'document',
  'sec-fetch-mode' => 'navigate',
  'sec-fetch-site' => 'same-origin',
  'sec-fetch-user' => '?1',
)
[ info ] [ PARAM ] array (
)
[ info ] [ SESSION ] INIT array (
  'id' => '',
  'var_session_id' => '',
  'prefix' => 'think',
  'type' => '',
  'auto_start' => true,
)
[ info ] [ RUN ] Method [ <user> public method index ] {
  @@ D:\xampp\htdocs\thinkphp5\application\index\controller\ProjectController.php 92 - 119
}

[ info ] [ DB ] INIT mysql
[ info ] [ VIEW ] D:\xampp\htdocs\thinkphp5\public/../application/index\view\project\index.html [ array (
  0 => 'Projects',
  1 => 'add_keyword',
) ]
[ info ] [ LOG ] INIT File
[ sql ] [ DB ] CONNECT:[ UseTime:0.005531s ] mysql:dbname=tp5;host=127.0.0.1;charset=utf8
[ sql ] [ SQL ] SHOW COLUMNS FROM `yunzhi_project` [ RunTime:0.003845s ]
[ sql ] [ SQL ] SELECT COUNT(*) AS tp_count FROM `yunzhi_project` WHERE  `project_name` LIKE '%%' LIMIT 1    [ RunTime:0.000408s ]
[ sql ] [ SQL ] SELECT * FROM `yunzhi_project` WHERE  `project_name` LIKE '%%' LIMIT 0,5    [ RunTime:0.000341s ]

---------------------------------------------------------------
[ 2023-07-25T10:46:13+08:00 ] 127.0.0.1 127.0.0.1 GET /thinkphp5/public/index/project/edit/id/14.html
[ log ] localhost:444/thinkphp5/public/index/project/edit/id/14.html [运行时间：0.028735s][吞吐率：34.80req/s] [内存消耗：2,344.60kb] [文件加载：41]
[ info ] [ ROUTE ] array (
  'type' => 'module',
  'module' => 
  array (
    0 => 'index',
    1 => 'project',
    2 => 'edit',
  ),
)
[ info ] [ HEADER ] array (
  'host' => 'localhost:444',
  'user-agent' => 'Mozilla/5.0 (Windows NT 10.0; Win64; x64; rv:109.0) Gecko/20100101 Firefox/115.0',
  'accept' => 'text/html,application/xhtml+xml,application/xml;q=0.9,image/avif,image/webp,*/*;q=0.8',
  'accept-language' => 'zh-CN,zh;q=0.8,zh-TW;q=0.7,zh-HK;q=0.5,en-US;q=0.3,en;q=0.2',
  'accept-encoding' => 'gzip, deflate, br',
  'connection' => 'keep-alive',
  'referer' => 'http://localhost:444/thinkphp5/public/index/project/index.html',
  'cookie' => 'PHPSESSID=hfi55ujsbnl5r1bri53fjs7196',
  'upgrade-insecure-requests' => '1',
  'sec-fetch-dest' => 'document',
  'sec-fetch-mode' => 'navigate',
  'sec-fetch-site' => 'same-origin',
  'sec-fetch-user' => '?1',
)
[ info ] [ PARAM ] array (
  'id' => '14',
)
[ info ] [ SESSION ] INIT array (
  'id' => '',
  'var_session_id' => '',
  'prefix' => 'think',
  'type' => '',
  'auto_start' => true,
)
[ info ] [ RUN ] Method [ <user> public method edit ] {
  @@ D:\xampp\htdocs\thinkphp5\application\index\controller\ProjectController.php 79 - 90
}

[ info ] [ DB ] INIT mysql
[ info ] [ VIEW ] D:\xampp\htdocs\thinkphp5\public/../application/index\view\project\edit_or_add.html [ array (
  0 => 'Project',
) ]
[ info ] [ LOG ] INIT File
[ sql ] [ DB ] CONNECT:[ UseTime:0.000929s ] mysql:dbname=tp5;host=127.0.0.1;charset=utf8
[ sql ] [ SQL ] SHOW COLUMNS FROM `yunzhi_project` [ RunTime:0.002835s ]
[ sql ] [ SQL ] SELECT * FROM `yunzhi_project` WHERE  `id` = 14 LIMIT 1    [ RunTime:0.000494s ]

---------------------------------------------------------------
[ 2023-07-25T11:04:25+08:00 ] 127.0.0.1 127.0.0.1 GET /thinkphp5/public/index/project/index.html
[ log ] localhost:444/thinkphp5/public/index/project/index.html [运行时间：0.036676s][吞吐率：27.27req/s] [内存消耗：2,479.75kb] [文件加载：45]
[ info ] [ ROUTE ] array (
  'type' => 'module',
  'module' => 
  array (
    0 => 'index',
    1 => 'project',
    2 => 'index',
  ),
)
[ info ] [ HEADER ] array (
  'host' => 'localhost:444',
  'user-agent' => 'Mozilla/5.0 (Windows NT 10.0; Win64; x64; rv:109.0) Gecko/20100101 Firefox/115.0',
  'accept' => 'text/html,application/xhtml+xml,application/xml;q=0.9,image/avif,image/webp,*/*;q=0.8',
  'accept-language' => 'zh-CN,zh;q=0.8,zh-TW;q=0.7,zh-HK;q=0.5,en-US;q=0.3,en;q=0.2',
  'accept-encoding' => 'gzip, deflate, br',
  'referer' => 'http://localhost:444/thinkphp5/public/index/login/login.html',
  'connection' => 'keep-alive',
  'cookie' => 'PHPSESSID=hfi55ujsbnl5r1bri53fjs7196',
  'upgrade-insecure-requests' => '1',
  'sec-fetch-dest' => 'document',
  'sec-fetch-mode' => 'navigate',
  'sec-fetch-site' => 'same-origin',
  'sec-fetch-user' => '?1',
)
[ info ] [ PARAM ] array (
)
[ info ] [ SESSION ] INIT array (
  'id' => '',
  'var_session_id' => '',
  'prefix' => 'think',
  'type' => '',
  'auto_start' => true,
)
[ info ] [ RUN ] Method [ <user> public method index ] {
  @@ D:\xampp\htdocs\thinkphp5\application\index\controller\ProjectController.php 92 - 119
}

[ info ] [ DB ] INIT mysql
[ info ] [ VIEW ] D:\xampp\htdocs\thinkphp5\public/../application/index\view\project\index.html [ array (
  0 => 'Projects',
  1 => 'add_keyword',
) ]
[ info ] [ LOG ] INIT File
[ sql ] [ DB ] CONNECT:[ UseTime:0.000804s ] mysql:dbname=tp5;host=127.0.0.1;charset=utf8
[ sql ] [ SQL ] SHOW COLUMNS FROM `yunzhi_project` [ RunTime:0.002840s ]
[ sql ] [ SQL ] SELECT COUNT(*) AS tp_count FROM `yunzhi_project` WHERE  `project_name` LIKE '%%' LIMIT 1    [ RunTime:0.000379s ]
[ sql ] [ SQL ] SELECT * FROM `yunzhi_project` WHERE  `project_name` LIKE '%%' LIMIT 0,5    [ RunTime:0.000437s ]

---------------------------------------------------------------
[ 2023-07-25T11:04:44+08:00 ] 127.0.0.1 127.0.0.1 GET /thinkphp5/public/index/project/edit/id/13.html
[ log ] localhost:444/thinkphp5/public/index/project/edit/id/13.html [运行时间：0.033115s][吞吐率：30.20req/s] [内存消耗：2,346.11kb] [文件加载：41]
[ info ] [ ROUTE ] array (
  'type' => 'module',
  'module' => 
  array (
    0 => 'index',
    1 => 'project',
    2 => 'edit',
  ),
)
[ info ] [ HEADER ] array (
  'host' => 'localhost:444',
  'user-agent' => 'Mozilla/5.0 (Windows NT 10.0; Win64; x64; rv:109.0) Gecko/20100101 Firefox/115.0',
  'accept' => 'text/html,application/xhtml+xml,application/xml;q=0.9,image/avif,image/webp,*/*;q=0.8',
  'accept-language' => 'zh-CN,zh;q=0.8,zh-TW;q=0.7,zh-HK;q=0.5,en-US;q=0.3,en;q=0.2',
  'accept-encoding' => 'gzip, deflate, br',
  'connection' => 'keep-alive',
  'referer' => 'http://localhost:444/thinkphp5/public/index/project/index.html',
  'cookie' => 'PHPSESSID=hfi55ujsbnl5r1bri53fjs7196',
  'upgrade-insecure-requests' => '1',
  'sec-fetch-dest' => 'document',
  'sec-fetch-mode' => 'navigate',
  'sec-fetch-site' => 'same-origin',
  'sec-fetch-user' => '?1',
)
[ info ] [ PARAM ] array (
  'id' => '13',
)
[ info ] [ SESSION ] INIT array (
  'id' => '',
  'var_session_id' => '',
  'prefix' => 'think',
  'type' => '',
  'auto_start' => true,
)
[ info ] [ RUN ] Method [ <user> public method edit ] {
  @@ D:\xampp\htdocs\thinkphp5\application\index\controller\ProjectController.php 79 - 90
}

[ info ] [ DB ] INIT mysql
[ info ] [ VIEW ] D:\xampp\htdocs\thinkphp5\public/../application/index\view\project\edit_or_add.html [ array (
  0 => 'Project',
) ]
[ info ] [ LOG ] INIT File
[ sql ] [ DB ] CONNECT:[ UseTime:0.007543s ] mysql:dbname=tp5;host=127.0.0.1;charset=utf8
[ sql ] [ SQL ] SHOW COLUMNS FROM `yunzhi_project` [ RunTime:0.004229s ]
[ sql ] [ SQL ] SELECT * FROM `yunzhi_project` WHERE  `id` = 13 LIMIT 1    [ RunTime:0.000430s ]

---------------------------------------------------------------
[ 2023-07-25T11:17:06+08:00 ] 127.0.0.1 127.0.0.1 GET /thinkphp5/public/index/project/edit/id/13.html
[ log ] localhost:444/thinkphp5/public/index/project/edit/id/13.html [运行时间：0.035755s][吞吐率：27.97req/s] [内存消耗：2,511.94kb] [文件加载：43]
[ info ] [ ROUTE ] array (
  'type' => 'module',
  'module' => 
  array (
    0 => 'index',
    1 => 'project',
    2 => 'edit',
  ),
)
[ info ] [ HEADER ] array (
  'host' => 'localhost:444',
  'user-agent' => 'Mozilla/5.0 (Windows NT 10.0; Win64; x64; rv:109.0) Gecko/20100101 Firefox/115.0',
  'accept' => 'text/html,application/xhtml+xml,application/xml;q=0.9,image/avif,image/webp,*/*;q=0.8',
  'accept-language' => 'zh-CN,zh;q=0.8,zh-TW;q=0.7,zh-HK;q=0.5,en-US;q=0.3,en;q=0.2',
  'accept-encoding' => 'gzip, deflate, br',
  'referer' => 'http://localhost:444/thinkphp5/public/index/project/index.html',
  'connection' => 'keep-alive',
  'cookie' => 'PHPSESSID=hfi55ujsbnl5r1bri53fjs7196',
  'upgrade-insecure-requests' => '1',
  'sec-fetch-dest' => 'document',
  'sec-fetch-mode' => 'navigate',
  'sec-fetch-site' => 'same-origin',
  'sec-fetch-user' => '?1',
)
[ info ] [ PARAM ] array (
  'id' => '13',
)
[ info ] [ SESSION ] INIT array (
  'id' => '',
  'var_session_id' => '',
  'prefix' => 'think',
  'type' => '',
  'auto_start' => true,
)
[ info ] [ RUN ] Method [ <user> public method edit ] {
  @@ D:\xampp\htdocs\thinkphp5\application\index\controller\ProjectController.php 79 - 90
}

[ info ] [ DB ] INIT mysql
[ info ] [ VIEW ] D:\xampp\htdocs\thinkphp5\public/../application/index\view\project\edit_or_add.html [ array (
  0 => 'Project',
) ]
[ info ] [ LOG ] INIT File
[ sql ] [ DB ] CONNECT:[ UseTime:0.001564s ] mysql:dbname=tp5;host=127.0.0.1;charset=utf8
[ sql ] [ SQL ] SHOW COLUMNS FROM `yunzhi_project` [ RunTime:0.004431s ]
[ sql ] [ SQL ] SELECT * FROM `yunzhi_project` WHERE  `id` = 13 LIMIT 1    [ RunTime:0.000529s ]

---------------------------------------------------------------
[ 2023-07-25T11:17:24+08:00 ] 127.0.0.1 127.0.0.1 GET /thinkphp5/public/index/project/edit/id/13.html
[ log ] localhost:444/thinkphp5/public/index/project/edit/id/13.html [运行时间：0.039250s][吞吐率：25.48req/s] [内存消耗：2,511.94kb] [文件加载：43]
[ info ] [ ROUTE ] array (
  'type' => 'module',
  'module' => 
  array (
    0 => 'index',
    1 => 'project',
    2 => 'edit',
  ),
)
[ info ] [ HEADER ] array (
  'host' => 'localhost:444',
  'user-agent' => 'Mozilla/5.0 (Windows NT 10.0; Win64; x64; rv:109.0) Gecko/20100101 Firefox/115.0',
  'accept' => 'text/html,application/xhtml+xml,application/xml;q=0.9,image/avif,image/webp,*/*;q=0.8',
  'accept-language' => 'zh-CN,zh;q=0.8,zh-TW;q=0.7,zh-HK;q=0.5,en-US;q=0.3,en;q=0.2',
  'accept-encoding' => 'gzip, deflate, br',
  'referer' => 'http://localhost:444/thinkphp5/public/index/project/index.html',
  'connection' => 'keep-alive',
  'cookie' => 'PHPSESSID=hfi55ujsbnl5r1bri53fjs7196',
  'upgrade-insecure-requests' => '1',
  'sec-fetch-dest' => 'document',
  'sec-fetch-mode' => 'navigate',
  'sec-fetch-site' => 'same-origin',
  'sec-fetch-user' => '?1',
)
[ info ] [ PARAM ] array (
  'id' => '13',
)
[ info ] [ SESSION ] INIT array (
  'id' => '',
  'var_session_id' => '',
  'prefix' => 'think',
  'type' => '',
  'auto_start' => true,
)
[ info ] [ RUN ] Method [ <user> public method edit ] {
  @@ D:\xampp\htdocs\thinkphp5\application\index\controller\ProjectController.php 79 - 90
}

[ info ] [ DB ] INIT mysql
[ info ] [ VIEW ] D:\xampp\htdocs\thinkphp5\public/../application/index\view\project\edit_or_add.html [ array (
  0 => 'Project',
) ]
[ info ] [ LOG ] INIT File
[ sql ] [ DB ] CONNECT:[ UseTime:0.009872s ] mysql:dbname=tp5;host=127.0.0.1;charset=utf8
[ sql ] [ SQL ] SHOW COLUMNS FROM `yunzhi_project` [ RunTime:0.004495s ]
[ sql ] [ SQL ] SELECT * FROM `yunzhi_project` WHERE  `id` = 13 LIMIT 1    [ RunTime:0.000499s ]

---------------------------------------------------------------
[ 2023-07-25T11:17:27+08:00 ] 127.0.0.1 127.0.0.1 GET /thinkphp5/public/index/project/edit/id/13.html
[ log ] localhost:444/thinkphp5/public/index/project/edit/id/13.html [运行时间：0.036805s][吞吐率：27.17req/s] [内存消耗：2,346.02kb] [文件加载：41]
[ info ] [ ROUTE ] array (
  'type' => 'module',
  'module' => 
  array (
    0 => 'index',
    1 => 'project',
    2 => 'edit',
  ),
)
[ info ] [ HEADER ] array (
  'host' => 'localhost:444',
  'user-agent' => 'Mozilla/5.0 (Windows NT 10.0; Win64; x64; rv:109.0) Gecko/20100101 Firefox/115.0',
  'accept' => 'text/html,application/xhtml+xml,application/xml;q=0.9,image/avif,image/webp,*/*;q=0.8',
  'accept-language' => 'zh-CN,zh;q=0.8,zh-TW;q=0.7,zh-HK;q=0.5,en-US;q=0.3,en;q=0.2',
  'accept-encoding' => 'gzip, deflate, br',
  'referer' => 'http://localhost:444/thinkphp5/public/index/project/index.html',
  'connection' => 'keep-alive',
  'cookie' => 'PHPSESSID=hfi55ujsbnl5r1bri53fjs7196',
  'upgrade-insecure-requests' => '1',
  'sec-fetch-dest' => 'document',
  'sec-fetch-mode' => 'navigate',
  'sec-fetch-site' => 'same-origin',
  'sec-fetch-user' => '?1',
)
[ info ] [ PARAM ] array (
  'id' => '13',
)
[ info ] [ SESSION ] INIT array (
  'id' => '',
  'var_session_id' => '',
  'prefix' => 'think',
  'type' => '',
  'auto_start' => true,
)
[ info ] [ RUN ] Method [ <user> public method edit ] {
  @@ D:\xampp\htdocs\thinkphp5\application\index\controller\ProjectController.php 79 - 90
}

[ info ] [ DB ] INIT mysql
[ info ] [ VIEW ] D:\xampp\htdocs\thinkphp5\public/../application/index\view\project\edit_or_add.html [ array (
  0 => 'Project',
) ]
[ info ] [ LOG ] INIT File
[ sql ] [ DB ] CONNECT:[ UseTime:0.011022s ] mysql:dbname=tp5;host=127.0.0.1;charset=utf8
[ sql ] [ SQL ] SHOW COLUMNS FROM `yunzhi_project` [ RunTime:0.004508s ]
[ sql ] [ SQL ] SELECT * FROM `yunzhi_project` WHERE  `id` = 13 LIMIT 1    [ RunTime:0.000496s ]

---------------------------------------------------------------
[ 2023-07-25T11:17:31+08:00 ] 127.0.0.1 127.0.0.1 GET /thinkphp5/public/index/project/edit/id/13.html
[ log ] localhost:444/thinkphp5/public/index/project/edit/id/13.html [运行时间：0.033024s][吞吐率：30.28req/s] [内存消耗：2,346.02kb] [文件加载：41]
[ info ] [ ROUTE ] array (
  'type' => 'module',
  'module' => 
  array (
    0 => 'index',
    1 => 'project',
    2 => 'edit',
  ),
)
[ info ] [ HEADER ] array (
  'host' => 'localhost:444',
  'user-agent' => 'Mozilla/5.0 (Windows NT 10.0; Win64; x64; rv:109.0) Gecko/20100101 Firefox/115.0',
  'accept' => 'text/html,application/xhtml+xml,application/xml;q=0.9,image/avif,image/webp,*/*;q=0.8',
  'accept-language' => 'zh-CN,zh;q=0.8,zh-TW;q=0.7,zh-HK;q=0.5,en-US;q=0.3,en;q=0.2',
  'accept-encoding' => 'gzip, deflate, br',
  'referer' => 'http://localhost:444/thinkphp5/public/index/project/index.html',
  'connection' => 'keep-alive',
  'cookie' => 'PHPSESSID=hfi55ujsbnl5r1bri53fjs7196',
  'upgrade-insecure-requests' => '1',
  'sec-fetch-dest' => 'document',
  'sec-fetch-mode' => 'navigate',
  'sec-fetch-site' => 'same-origin',
  'sec-fetch-user' => '?1',
)
[ info ] [ PARAM ] array (
  'id' => '13',
)
[ info ] [ SESSION ] INIT array (
  'id' => '',
  'var_session_id' => '',
  'prefix' => 'think',
  'type' => '',
  'auto_start' => true,
)
[ info ] [ RUN ] Method [ <user> public method edit ] {
  @@ D:\xampp\htdocs\thinkphp5\application\index\controller\ProjectController.php 79 - 90
}

[ info ] [ DB ] INIT mysql
[ info ] [ VIEW ] D:\xampp\htdocs\thinkphp5\public/../application/index\view\project\edit_or_add.html [ array (
  0 => 'Project',
) ]
[ info ] [ LOG ] INIT File
[ sql ] [ DB ] CONNECT:[ UseTime:0.008193s ] mysql:dbname=tp5;host=127.0.0.1;charset=utf8
[ sql ] [ SQL ] SHOW COLUMNS FROM `yunzhi_project` [ RunTime:0.003450s ]
[ sql ] [ SQL ] SELECT * FROM `yunzhi_project` WHERE  `id` = 13 LIMIT 1    [ RunTime:0.000475s ]

---------------------------------------------------------------
[ 2023-07-25T11:17:37+08:00 ] 127.0.0.1 127.0.0.1 GET /thinkphp5/public/index/project/edit/id/13.html
[ log ] localhost:444/thinkphp5/public/index/project/edit/id/13.html [运行时间：0.046381s][吞吐率：21.56req/s] [内存消耗：2,512.07kb] [文件加载：43]
[ info ] [ ROUTE ] array (
  'type' => 'module',
  'module' => 
  array (
    0 => 'index',
    1 => 'project',
    2 => 'edit',
  ),
)
[ info ] [ HEADER ] array (
  'host' => 'localhost:444',
  'user-agent' => 'Mozilla/5.0 (Windows NT 10.0; Win64; x64; rv:109.0) Gecko/20100101 Firefox/115.0',
  'accept' => 'text/html,application/xhtml+xml,application/xml;q=0.9,image/avif,image/webp,*/*;q=0.8',
  'accept-language' => 'zh-CN,zh;q=0.8,zh-TW;q=0.7,zh-HK;q=0.5,en-US;q=0.3,en;q=0.2',
  'accept-encoding' => 'gzip, deflate, br',
  'referer' => 'http://localhost:444/thinkphp5/public/index/project/index.html',
  'connection' => 'keep-alive',
  'cookie' => 'PHPSESSID=hfi55ujsbnl5r1bri53fjs7196',
  'upgrade-insecure-requests' => '1',
  'sec-fetch-dest' => 'document',
  'sec-fetch-mode' => 'navigate',
  'sec-fetch-site' => 'same-origin',
  'sec-fetch-user' => '?1',
)
[ info ] [ PARAM ] array (
  'id' => '13',
)
[ info ] [ SESSION ] INIT array (
  'id' => '',
  'var_session_id' => '',
  'prefix' => 'think',
  'type' => '',
  'auto_start' => true,
)
[ info ] [ RUN ] Method [ <user> public method edit ] {
  @@ D:\xampp\htdocs\thinkphp5\application\index\controller\ProjectController.php 79 - 90
}

[ info ] [ DB ] INIT mysql
[ info ] [ VIEW ] D:\xampp\htdocs\thinkphp5\public/../application/index\view\project\edit_or_add.html [ array (
  0 => 'Project',
) ]
[ info ] [ LOG ] INIT File
[ sql ] [ DB ] CONNECT:[ UseTime:0.015686s ] mysql:dbname=tp5;host=127.0.0.1;charset=utf8
[ sql ] [ SQL ] SHOW COLUMNS FROM `yunzhi_project` [ RunTime:0.004821s ]
[ sql ] [ SQL ] SELECT * FROM `yunzhi_project` WHERE  `id` = 13 LIMIT 1    [ RunTime:0.000561s ]

---------------------------------------------------------------
[ 2023-07-25T11:17:40+08:00 ] 127.0.0.1 127.0.0.1 GET /thinkphp5/public/index/project/edit/id/13.html
[ log ] localhost:444/thinkphp5/public/index/project/edit/id/13.html [运行时间：0.034410s][吞吐率：29.06req/s] [内存消耗：2,346.06kb] [文件加载：41]
[ info ] [ ROUTE ] array (
  'type' => 'module',
  'module' => 
  array (
    0 => 'index',
    1 => 'project',
    2 => 'edit',
  ),
)
[ info ] [ HEADER ] array (
  'host' => 'localhost:444',
  'user-agent' => 'Mozilla/5.0 (Windows NT 10.0; Win64; x64; rv:109.0) Gecko/20100101 Firefox/115.0',
  'accept' => 'text/html,application/xhtml+xml,application/xml;q=0.9,image/avif,image/webp,*/*;q=0.8',
  'accept-language' => 'zh-CN,zh;q=0.8,zh-TW;q=0.7,zh-HK;q=0.5,en-US;q=0.3,en;q=0.2',
  'accept-encoding' => 'gzip, deflate, br',
  'referer' => 'http://localhost:444/thinkphp5/public/index/project/index.html',
  'connection' => 'keep-alive',
  'cookie' => 'PHPSESSID=hfi55ujsbnl5r1bri53fjs7196',
  'upgrade-insecure-requests' => '1',
  'sec-fetch-dest' => 'document',
  'sec-fetch-mode' => 'navigate',
  'sec-fetch-site' => 'same-origin',
  'sec-fetch-user' => '?1',
)
[ info ] [ PARAM ] array (
  'id' => '13',
)
[ info ] [ SESSION ] INIT array (
  'id' => '',
  'var_session_id' => '',
  'prefix' => 'think',
  'type' => '',
  'auto_start' => true,
)
[ info ] [ RUN ] Method [ <user> public method edit ] {
  @@ D:\xampp\htdocs\thinkphp5\application\index\controller\ProjectController.php 79 - 90
}

[ info ] [ DB ] INIT mysql
[ info ] [ VIEW ] D:\xampp\htdocs\thinkphp5\public/../application/index\view\project\edit_or_add.html [ array (
  0 => 'Project',
) ]
[ info ] [ LOG ] INIT File
[ sql ] [ DB ] CONNECT:[ UseTime:0.007686s ] mysql:dbname=tp5;host=127.0.0.1;charset=utf8
[ sql ] [ SQL ] SHOW COLUMNS FROM `yunzhi_project` [ RunTime:0.005370s ]
[ sql ] [ SQL ] SELECT * FROM `yunzhi_project` WHERE  `id` = 13 LIMIT 1    [ RunTime:0.000504s ]

---------------------------------------------------------------
[ 2023-07-25T11:17:43+08:00 ] 127.0.0.1 127.0.0.1 GET /thinkphp5/public/index/project/edit/id/13.html
[ log ] localhost:444/thinkphp5/public/index/project/edit/id/13.html [运行时间：0.033698s][吞吐率：29.68req/s] [内存消耗：2,346.06kb] [文件加载：41]
[ info ] [ ROUTE ] array (
  'type' => 'module',
  'module' => 
  array (
    0 => 'index',
    1 => 'project',
    2 => 'edit',
  ),
)
[ info ] [ HEADER ] array (
  'host' => 'localhost:444',
  'user-agent' => 'Mozilla/5.0 (Windows NT 10.0; Win64; x64; rv:109.0) Gecko/20100101 Firefox/115.0',
  'accept' => 'text/html,application/xhtml+xml,application/xml;q=0.9,image/avif,image/webp,*/*;q=0.8',
  'accept-language' => 'zh-CN,zh;q=0.8,zh-TW;q=0.7,zh-HK;q=0.5,en-US;q=0.3,en;q=0.2',
  'accept-encoding' => 'gzip, deflate, br',
  'referer' => 'http://localhost:444/thinkphp5/public/index/project/index.html',
  'connection' => 'keep-alive',
  'cookie' => 'PHPSESSID=hfi55ujsbnl5r1bri53fjs7196',
  'upgrade-insecure-requests' => '1',
  'sec-fetch-dest' => 'document',
  'sec-fetch-mode' => 'navigate',
  'sec-fetch-site' => 'same-origin',
  'sec-fetch-user' => '?1',
)
[ info ] [ PARAM ] array (
  'id' => '13',
)
[ info ] [ SESSION ] INIT array (
  'id' => '',
  'var_session_id' => '',
  'prefix' => 'think',
  'type' => '',
  'auto_start' => true,
)
[ info ] [ RUN ] Method [ <user> public method edit ] {
  @@ D:\xampp\htdocs\thinkphp5\application\index\controller\ProjectController.php 79 - 90
}

[ info ] [ DB ] INIT mysql
[ info ] [ VIEW ] D:\xampp\htdocs\thinkphp5\public/../application/index\view\project\edit_or_add.html [ array (
  0 => 'Project',
) ]
[ info ] [ LOG ] INIT File
[ sql ] [ DB ] CONNECT:[ UseTime:0.008670s ] mysql:dbname=tp5;host=127.0.0.1;charset=utf8
[ sql ] [ SQL ] SHOW COLUMNS FROM `yunzhi_project` [ RunTime:0.004495s ]
[ sql ] [ SQL ] SELECT * FROM `yunzhi_project` WHERE  `id` = 13 LIMIT 1    [ RunTime:0.000466s ]

---------------------------------------------------------------
[ 2023-07-25T11:25:47+08:00 ] 127.0.0.1 127.0.0.1 GET /thinkphp5/public/index/project/index.html
[ log ] localhost:444/thinkphp5/public/index/project/index.html [运行时间：0.033638s][吞吐率：29.73req/s] [内存消耗：2,479.75kb] [文件加载：45]
[ info ] [ ROUTE ] array (
  'type' => 'module',
  'module' => 
  array (
    0 => 'index',
    1 => 'project',
    2 => 'index',
  ),
)
[ info ] [ HEADER ] array (
  'host' => 'localhost:444',
  'user-agent' => 'Mozilla/5.0 (Windows NT 10.0; Win64; x64; rv:109.0) Gecko/20100101 Firefox/115.0',
  'accept' => 'text/html,application/xhtml+xml,application/xml;q=0.9,image/avif,image/webp,*/*;q=0.8',
  'accept-language' => 'zh-CN,zh;q=0.8,zh-TW;q=0.7,zh-HK;q=0.5,en-US;q=0.3,en;q=0.2',
  'accept-encoding' => 'gzip, deflate, br',
  'referer' => 'http://localhost:444/thinkphp5/public/index/login/login.html',
  'connection' => 'keep-alive',
  'cookie' => 'PHPSESSID=hfi55ujsbnl5r1bri53fjs7196',
  'upgrade-insecure-requests' => '1',
  'sec-fetch-dest' => 'document',
  'sec-fetch-mode' => 'navigate',
  'sec-fetch-site' => 'same-origin',
  'sec-fetch-user' => '?1',
)
[ info ] [ PARAM ] array (
)
[ info ] [ SESSION ] INIT array (
  'id' => '',
  'var_session_id' => '',
  'prefix' => 'think',
  'type' => '',
  'auto_start' => true,
)
[ info ] [ RUN ] Method [ <user> public method index ] {
  @@ D:\xampp\htdocs\thinkphp5\application\index\controller\ProjectController.php 92 - 119
}

[ info ] [ DB ] INIT mysql
[ info ] [ VIEW ] D:\xampp\htdocs\thinkphp5\public/../application/index\view\project\index.html [ array (
  0 => 'Projects',
  1 => 'add_keyword',
) ]
[ info ] [ LOG ] INIT File
[ sql ] [ DB ] CONNECT:[ UseTime:0.000869s ] mysql:dbname=tp5;host=127.0.0.1;charset=utf8
[ sql ] [ SQL ] SHOW COLUMNS FROM `yunzhi_project` [ RunTime:0.004646s ]
[ sql ] [ SQL ] SELECT COUNT(*) AS tp_count FROM `yunzhi_project` WHERE  `project_name` LIKE '%%' LIMIT 1    [ RunTime:0.000393s ]
[ sql ] [ SQL ] SELECT * FROM `yunzhi_project` WHERE  `project_name` LIKE '%%' LIMIT 0,5    [ RunTime:0.000343s ]

---------------------------------------------------------------
